🔍 DINOv3 Adapter Weight Diagnostic Tool
======================================================================

======================================================================
🔍 Checking DINOv3 Backbone (ViT-L/16)
📁 Path: /media/pc/D/zhaochen/mono3d/dinov3/checkpoints/dinov3_vitl16_lvd1689m.pth
======================================================================
✅ File exists (1156.86 MB)
📥 Loading checkpoint (this may take a moment)...
✅ Checkpoint loaded successfully

📦 Checkpoint is a dictionary with 368 top-level keys:
  - 'cls_token': Tensor (1, 1, 1024)
  - 'storage_tokens': Tensor (1, 4, 1024)
  - 'mask_token': Tensor (1, 1024)
  - 'patch_embed.proj.weight': Tensor (1024, 3, 16, 16)
  - 'patch_embed.proj.bias': Tensor (1024,)
  - 'rope_embed.periods': Tensor (16,)
  - 'blocks.0.norm1.weight': Tensor (1024,)
  - 'blocks.0.norm1.bias': Tensor (1024,)
  - 'blocks.0.attn.qkv.weight': Tensor (3072, 1024)
  - 'blocks.0.attn.qkv.bias': Tensor (3072,)
  - 'blocks.0.attn.qkv.bias_mask': Tensor (3072,)
  - 'blocks.0.attn.proj.weight': Tensor (1024, 1024)
  - 'blocks.0.attn.proj.bias': Tensor (1024,)
  - 'blocks.0.ls1.gamma': Tensor (1024,)
  - 'blocks.0.norm2.weight': Tensor (1024,)
  - 'blocks.0.norm2.bias': Tensor (1024,)
  - 'blocks.0.mlp.fc1.weight': Tensor (4096, 1024)
  - 'blocks.0.mlp.fc1.bias': Tensor (4096,)
  - 'blocks.0.mlp.fc2.weight': Tensor (1024, 4096)
  - 'blocks.0.mlp.fc2.bias': Tensor (1024,)
  - 'blocks.0.ls2.gamma': Tensor (1024,)
  - 'blocks.1.norm1.weight': Tensor (1024,)
  - 'blocks.1.norm1.bias': Tensor (1024,)
  - 'blocks.1.attn.qkv.weight': Tensor (3072, 1024)
  - 'blocks.1.attn.qkv.bias': Tensor (3072,)
  - 'blocks.1.attn.qkv.bias_mask': Tensor (3072,)
  - 'blocks.1.attn.proj.weight': Tensor (1024, 1024)
  - 'blocks.1.attn.proj.bias': Tensor (1024,)
  - 'blocks.1.ls1.gamma': Tensor (1024,)
  - 'blocks.1.norm2.weight': Tensor (1024,)
  - 'blocks.1.norm2.bias': Tensor (1024,)
  - 'blocks.1.mlp.fc1.weight': Tensor (4096, 1024)
  - 'blocks.1.mlp.fc1.bias': Tensor (4096,)
  - 'blocks.1.mlp.fc2.weight': Tensor (1024, 4096)
  - 'blocks.1.mlp.fc2.bias': Tensor (1024,)
  - 'blocks.1.ls2.gamma': Tensor (1024,)
  - 'blocks.2.norm1.weight': Tensor (1024,)
  - 'blocks.2.norm1.bias': Tensor (1024,)
  - 'blocks.2.attn.qkv.weight': Tensor (3072, 1024)
  - 'blocks.2.attn.qkv.bias': Tensor (3072,)
  - 'blocks.2.attn.qkv.bias_mask': Tensor (3072,)
  - 'blocks.2.attn.proj.weight': Tensor (1024, 1024)
  - 'blocks.2.attn.proj.bias': Tensor (1024,)
  - 'blocks.2.ls1.gamma': Tensor (1024,)
  - 'blocks.2.norm2.weight': Tensor (1024,)
  - 'blocks.2.norm2.bias': Tensor (1024,)
  - 'blocks.2.mlp.fc1.weight': Tensor (4096, 1024)
  - 'blocks.2.mlp.fc1.bias': Tensor (4096,)
  - 'blocks.2.mlp.fc2.weight': Tensor (1024, 4096)
  - 'blocks.2.mlp.fc2.bias': Tensor (1024,)
  - 'blocks.2.ls2.gamma': Tensor (1024,)
  - 'blocks.3.norm1.weight': Tensor (1024,)
  - 'blocks.3.norm1.bias': Tensor (1024,)
  - 'blocks.3.attn.qkv.weight': Tensor (3072, 1024)
  - 'blocks.3.attn.qkv.bias': Tensor (3072,)
  - 'blocks.3.attn.qkv.bias_mask': Tensor (3072,)
  - 'blocks.3.attn.proj.weight': Tensor (1024, 1024)
  - 'blocks.3.attn.proj.bias': Tensor (1024,)
  - 'blocks.3.ls1.gamma': Tensor (1024,)
  - 'blocks.3.norm2.weight': Tensor (1024,)
  - 'blocks.3.norm2.bias': Tensor (1024,)
  - 'blocks.3.mlp.fc1.weight': Tensor (4096, 1024)
  - 'blocks.3.mlp.fc1.bias': Tensor (4096,)
  - 'blocks.3.mlp.fc2.weight': Tensor (1024, 4096)
  - 'blocks.3.mlp.fc2.bias': Tensor (1024,)
  - 'blocks.3.ls2.gamma': Tensor (1024,)
  - 'blocks.4.norm1.weight': Tensor (1024,)
  - 'blocks.4.norm1.bias': Tensor (1024,)
  - 'blocks.4.attn.qkv.weight': Tensor (3072, 1024)
  - 'blocks.4.attn.qkv.bias': Tensor (3072,)
  - 'blocks.4.attn.qkv.bias_mask': Tensor (3072,)
  - 'blocks.4.attn.proj.weight': Tensor (1024, 1024)
  - 'blocks.4.attn.proj.bias': Tensor (1024,)
  - 'blocks.4.ls1.gamma': Tensor (1024,)
  - 'blocks.4.norm2.weight': Tensor (1024,)
  - 'blocks.4.norm2.bias': Tensor (1024,)
  - 'blocks.4.mlp.fc1.weight': Tensor (4096, 1024)
  - 'blocks.4.mlp.fc1.bias': Tensor (4096,)
  - 'blocks.4.mlp.fc2.weight': Tensor (1024, 4096)
  - 'blocks.4.mlp.fc2.bias': Tensor (1024,)
  - 'blocks.4.ls2.gamma': Tensor (1024,)
  - 'blocks.5.norm1.weight': Tensor (1024,)
  - 'blocks.5.norm1.bias': Tensor (1024,)
  - 'blocks.5.attn.qkv.weight': Tensor (3072, 1024)
  - 'blocks.5.attn.qkv.bias': Tensor (3072,)
  - 'blocks.5.attn.qkv.bias_mask': Tensor (3072,)
  - 'blocks.5.attn.proj.weight': Tensor (1024, 1024)
  - 'blocks.5.attn.proj.bias': Tensor (1024,)
  - 'blocks.5.ls1.gamma': Tensor (1024,)
  - 'blocks.5.norm2.weight': Tensor (1024,)
  - 'blocks.5.norm2.bias': Tensor (1024,)
  - 'blocks.5.mlp.fc1.weight': Tensor (4096, 1024)
  - 'blocks.5.mlp.fc1.bias': Tensor (4096,)
  - 'blocks.5.mlp.fc2.weight': Tensor (1024, 4096)
  - 'blocks.5.mlp.fc2.bias': Tensor (1024,)
  - 'blocks.5.ls2.gamma': Tensor (1024,)
  - 'blocks.6.norm1.weight': Tensor (1024,)
  - 'blocks.6.norm1.bias': Tensor (1024,)
  - 'blocks.6.attn.qkv.weight': Tensor (3072, 1024)
  - 'blocks.6.attn.qkv.bias': Tensor (3072,)
  - 'blocks.6.attn.qkv.bias_mask': Tensor (3072,)
  - 'blocks.6.attn.proj.weight': Tensor (1024, 1024)
  - 'blocks.6.attn.proj.bias': Tensor (1024,)
  - 'blocks.6.ls1.gamma': Tensor (1024,)
  - 'blocks.6.norm2.weight': Tensor (1024,)
  - 'blocks.6.norm2.bias': Tensor (1024,)
  - 'blocks.6.mlp.fc1.weight': Tensor (4096, 1024)
  - 'blocks.6.mlp.fc1.bias': Tensor (4096,)
  - 'blocks.6.mlp.fc2.weight': Tensor (1024, 4096)
  - 'blocks.6.mlp.fc2.bias': Tensor (1024,)
  - 'blocks.6.ls2.gamma': Tensor (1024,)
  - 'blocks.7.norm1.weight': Tensor (1024,)
  - 'blocks.7.norm1.bias': Tensor (1024,)
  - 'blocks.7.attn.qkv.weight': Tensor (3072, 1024)
  - 'blocks.7.attn.qkv.bias': Tensor (3072,)
  - 'blocks.7.attn.qkv.bias_mask': Tensor (3072,)
  - 'blocks.7.attn.proj.weight': Tensor (1024, 1024)
  - 'blocks.7.attn.proj.bias': Tensor (1024,)
  - 'blocks.7.ls1.gamma': Tensor (1024,)
  - 'blocks.7.norm2.weight': Tensor (1024,)
  - 'blocks.7.norm2.bias': Tensor (1024,)
  - 'blocks.7.mlp.fc1.weight': Tensor (4096, 1024)
  - 'blocks.7.mlp.fc1.bias': Tensor (4096,)
  - 'blocks.7.mlp.fc2.weight': Tensor (1024, 4096)
  - 'blocks.7.mlp.fc2.bias': Tensor (1024,)
  - 'blocks.7.ls2.gamma': Tensor (1024,)
  - 'blocks.8.norm1.weight': Tensor (1024,)
  - 'blocks.8.norm1.bias': Tensor (1024,)
  - 'blocks.8.attn.qkv.weight': Tensor (3072, 1024)
  - 'blocks.8.attn.qkv.bias': Tensor (3072,)
  - 'blocks.8.attn.qkv.bias_mask': Tensor (3072,)
  - 'blocks.8.attn.proj.weight': Tensor (1024, 1024)
  - 'blocks.8.attn.proj.bias': Tensor (1024,)
  - 'blocks.8.ls1.gamma': Tensor (1024,)
  - 'blocks.8.norm2.weight': Tensor (1024,)
  - 'blocks.8.norm2.bias': Tensor (1024,)
  - 'blocks.8.mlp.fc1.weight': Tensor (4096, 1024)
  - 'blocks.8.mlp.fc1.bias': Tensor (4096,)
  - 'blocks.8.mlp.fc2.weight': Tensor (1024, 4096)
  - 'blocks.8.mlp.fc2.bias': Tensor (1024,)
  - 'blocks.8.ls2.gamma': Tensor (1024,)
  - 'blocks.9.norm1.weight': Tensor (1024,)
  - 'blocks.9.norm1.bias': Tensor (1024,)
  - 'blocks.9.attn.qkv.weight': Tensor (3072, 1024)
  - 'blocks.9.attn.qkv.bias': Tensor (3072,)
  - 'blocks.9.attn.qkv.bias_mask': Tensor (3072,)
  - 'blocks.9.attn.proj.weight': Tensor (1024, 1024)
  - 'blocks.9.attn.proj.bias': Tensor (1024,)
  - 'blocks.9.ls1.gamma': Tensor (1024,)
  - 'blocks.9.norm2.weight': Tensor (1024,)
  - 'blocks.9.norm2.bias': Tensor (1024,)
  - 'blocks.9.mlp.fc1.weight': Tensor (4096, 1024)
  - 'blocks.9.mlp.fc1.bias': Tensor (4096,)
  - 'blocks.9.mlp.fc2.weight': Tensor (1024, 4096)
  - 'blocks.9.mlp.fc2.bias': Tensor (1024,)
  - 'blocks.9.ls2.gamma': Tensor (1024,)
  - 'blocks.10.norm1.weight': Tensor (1024,)
  - 'blocks.10.norm1.bias': Tensor (1024,)
  - 'blocks.10.attn.qkv.weight': Tensor (3072, 1024)
  - 'blocks.10.attn.qkv.bias': Tensor (3072,)
  - 'blocks.10.attn.qkv.bias_mask': Tensor (3072,)
  - 'blocks.10.attn.proj.weight': Tensor (1024, 1024)
  - 'blocks.10.attn.proj.bias': Tensor (1024,)
  - 'blocks.10.ls1.gamma': Tensor (1024,)
  - 'blocks.10.norm2.weight': Tensor (1024,)
  - 'blocks.10.norm2.bias': Tensor (1024,)
  - 'blocks.10.mlp.fc1.weight': Tensor (4096, 1024)
  - 'blocks.10.mlp.fc1.bias': Tensor (4096,)
  - 'blocks.10.mlp.fc2.weight': Tensor (1024, 4096)
  - 'blocks.10.mlp.fc2.bias': Tensor (1024,)
  - 'blocks.10.ls2.gamma': Tensor (1024,)
  - 'blocks.11.norm1.weight': Tensor (1024,)
  - 'blocks.11.norm1.bias': Tensor (1024,)
  - 'blocks.11.attn.qkv.weight': Tensor (3072, 1024)
  - 'blocks.11.attn.qkv.bias': Tensor (3072,)
  - 'blocks.11.attn.qkv.bias_mask': Tensor (3072,)
  - 'blocks.11.attn.proj.weight': Tensor (1024, 1024)
  - 'blocks.11.attn.proj.bias': Tensor (1024,)
  - 'blocks.11.ls1.gamma': Tensor (1024,)
  - 'blocks.11.norm2.weight': Tensor (1024,)
  - 'blocks.11.norm2.bias': Tensor (1024,)
  - 'blocks.11.mlp.fc1.weight': Tensor (4096, 1024)
  - 'blocks.11.mlp.fc1.bias': Tensor (4096,)
  - 'blocks.11.mlp.fc2.weight': Tensor (1024, 4096)
  - 'blocks.11.mlp.fc2.bias': Tensor (1024,)
  - 'blocks.11.ls2.gamma': Tensor (1024,)
  - 'blocks.12.norm1.weight': Tensor (1024,)
  - 'blocks.12.norm1.bias': Tensor (1024,)
  - 'blocks.12.attn.qkv.weight': Tensor (3072, 1024)
  - 'blocks.12.attn.qkv.bias': Tensor (3072,)
  - 'blocks.12.attn.qkv.bias_mask': Tensor (3072,)
  - 'blocks.12.attn.proj.weight': Tensor (1024, 1024)
  - 'blocks.12.attn.proj.bias': Tensor (1024,)
  - 'blocks.12.ls1.gamma': Tensor (1024,)
  - 'blocks.12.norm2.weight': Tensor (1024,)
  - 'blocks.12.norm2.bias': Tensor (1024,)
  - 'blocks.12.mlp.fc1.weight': Tensor (4096, 1024)
  - 'blocks.12.mlp.fc1.bias': Tensor (4096,)
  - 'blocks.12.mlp.fc2.weight': Tensor (1024, 4096)
  - 'blocks.12.mlp.fc2.bias': Tensor (1024,)
  - 'blocks.12.ls2.gamma': Tensor (1024,)
  - 'blocks.13.norm1.weight': Tensor (1024,)
  - 'blocks.13.norm1.bias': Tensor (1024,)
  - 'blocks.13.attn.qkv.weight': Tensor (3072, 1024)
  - 'blocks.13.attn.qkv.bias': Tensor (3072,)
  - 'blocks.13.attn.qkv.bias_mask': Tensor (3072,)
  - 'blocks.13.attn.proj.weight': Tensor (1024, 1024)
  - 'blocks.13.attn.proj.bias': Tensor (1024,)
  - 'blocks.13.ls1.gamma': Tensor (1024,)
  - 'blocks.13.norm2.weight': Tensor (1024,)
  - 'blocks.13.norm2.bias': Tensor (1024,)
  - 'blocks.13.mlp.fc1.weight': Tensor (4096, 1024)
  - 'blocks.13.mlp.fc1.bias': Tensor (4096,)
  - 'blocks.13.mlp.fc2.weight': Tensor (1024, 4096)
  - 'blocks.13.mlp.fc2.bias': Tensor (1024,)
  - 'blocks.13.ls2.gamma': Tensor (1024,)
  - 'blocks.14.norm1.weight': Tensor (1024,)
  - 'blocks.14.norm1.bias': Tensor (1024,)
  - 'blocks.14.attn.qkv.weight': Tensor (3072, 1024)
  - 'blocks.14.attn.qkv.bias': Tensor (3072,)
  - 'blocks.14.attn.qkv.bias_mask': Tensor (3072,)
  - 'blocks.14.attn.proj.weight': Tensor (1024, 1024)
  - 'blocks.14.attn.proj.bias': Tensor (1024,)
  - 'blocks.14.ls1.gamma': Tensor (1024,)
  - 'blocks.14.norm2.weight': Tensor (1024,)
  - 'blocks.14.norm2.bias': Tensor (1024,)
  - 'blocks.14.mlp.fc1.weight': Tensor (4096, 1024)
  - 'blocks.14.mlp.fc1.bias': Tensor (4096,)
  - 'blocks.14.mlp.fc2.weight': Tensor (1024, 4096)
  - 'blocks.14.mlp.fc2.bias': Tensor (1024,)
  - 'blocks.14.ls2.gamma': Tensor (1024,)
  - 'blocks.15.norm1.weight': Tensor (1024,)
  - 'blocks.15.norm1.bias': Tensor (1024,)
  - 'blocks.15.attn.qkv.weight': Tensor (3072, 1024)
  - 'blocks.15.attn.qkv.bias': Tensor (3072,)
  - 'blocks.15.attn.qkv.bias_mask': Tensor (3072,)
  - 'blocks.15.attn.proj.weight': Tensor (1024, 1024)
  - 'blocks.15.attn.proj.bias': Tensor (1024,)
  - 'blocks.15.ls1.gamma': Tensor (1024,)
  - 'blocks.15.norm2.weight': Tensor (1024,)
  - 'blocks.15.norm2.bias': Tensor (1024,)
  - 'blocks.15.mlp.fc1.weight': Tensor (4096, 1024)
  - 'blocks.15.mlp.fc1.bias': Tensor (4096,)
  - 'blocks.15.mlp.fc2.weight': Tensor (1024, 4096)
  - 'blocks.15.mlp.fc2.bias': Tensor (1024,)
  - 'blocks.15.ls2.gamma': Tensor (1024,)
  - 'blocks.16.norm1.weight': Tensor (1024,)
  - 'blocks.16.norm1.bias': Tensor (1024,)
  - 'blocks.16.attn.qkv.weight': Tensor (3072, 1024)
  - 'blocks.16.attn.qkv.bias': Tensor (3072,)
  - 'blocks.16.attn.qkv.bias_mask': Tensor (3072,)
  - 'blocks.16.attn.proj.weight': Tensor (1024, 1024)
  - 'blocks.16.attn.proj.bias': Tensor (1024,)
  - 'blocks.16.ls1.gamma': Tensor (1024,)
  - 'blocks.16.norm2.weight': Tensor (1024,)
  - 'blocks.16.norm2.bias': Tensor (1024,)
  - 'blocks.16.mlp.fc1.weight': Tensor (4096, 1024)
  - 'blocks.16.mlp.fc1.bias': Tensor (4096,)
  - 'blocks.16.mlp.fc2.weight': Tensor (1024, 4096)
  - 'blocks.16.mlp.fc2.bias': Tensor (1024,)
  - 'blocks.16.ls2.gamma': Tensor (1024,)
  - 'blocks.17.norm1.weight': Tensor (1024,)
  - 'blocks.17.norm1.bias': Tensor (1024,)
  - 'blocks.17.attn.qkv.weight': Tensor (3072, 1024)
  - 'blocks.17.attn.qkv.bias': Tensor (3072,)
  - 'blocks.17.attn.qkv.bias_mask': Tensor (3072,)
  - 'blocks.17.attn.proj.weight': Tensor (1024, 1024)
  - 'blocks.17.attn.proj.bias': Tensor (1024,)
  - 'blocks.17.ls1.gamma': Tensor (1024,)
  - 'blocks.17.norm2.weight': Tensor (1024,)
  - 'blocks.17.norm2.bias': Tensor (1024,)
  - 'blocks.17.mlp.fc1.weight': Tensor (4096, 1024)
  - 'blocks.17.mlp.fc1.bias': Tensor (4096,)
  - 'blocks.17.mlp.fc2.weight': Tensor (1024, 4096)
  - 'blocks.17.mlp.fc2.bias': Tensor (1024,)
  - 'blocks.17.ls2.gamma': Tensor (1024,)
  - 'blocks.18.norm1.weight': Tensor (1024,)
  - 'blocks.18.norm1.bias': Tensor (1024,)
  - 'blocks.18.attn.qkv.weight': Tensor (3072, 1024)
  - 'blocks.18.attn.qkv.bias': Tensor (3072,)
  - 'blocks.18.attn.qkv.bias_mask': Tensor (3072,)
  - 'blocks.18.attn.proj.weight': Tensor (1024, 1024)
  - 'blocks.18.attn.proj.bias': Tensor (1024,)
  - 'blocks.18.ls1.gamma': Tensor (1024,)
  - 'blocks.18.norm2.weight': Tensor (1024,)
  - 'blocks.18.norm2.bias': Tensor (1024,)
  - 'blocks.18.mlp.fc1.weight': Tensor (4096, 1024)
  - 'blocks.18.mlp.fc1.bias': Tensor (4096,)
  - 'blocks.18.mlp.fc2.weight': Tensor (1024, 4096)
  - 'blocks.18.mlp.fc2.bias': Tensor (1024,)
  - 'blocks.18.ls2.gamma': Tensor (1024,)
  - 'blocks.19.norm1.weight': Tensor (1024,)
  - 'blocks.19.norm1.bias': Tensor (1024,)
  - 'blocks.19.attn.qkv.weight': Tensor (3072, 1024)
  - 'blocks.19.attn.qkv.bias': Tensor (3072,)
  - 'blocks.19.attn.qkv.bias_mask': Tensor (3072,)
  - 'blocks.19.attn.proj.weight': Tensor (1024, 1024)
  - 'blocks.19.attn.proj.bias': Tensor (1024,)
  - 'blocks.19.ls1.gamma': Tensor (1024,)
  - 'blocks.19.norm2.weight': Tensor (1024,)
  - 'blocks.19.norm2.bias': Tensor (1024,)
  - 'blocks.19.mlp.fc1.weight': Tensor (4096, 1024)
  - 'blocks.19.mlp.fc1.bias': Tensor (4096,)
  - 'blocks.19.mlp.fc2.weight': Tensor (1024, 4096)
  - 'blocks.19.mlp.fc2.bias': Tensor (1024,)
  - 'blocks.19.ls2.gamma': Tensor (1024,)
  - 'blocks.20.norm1.weight': Tensor (1024,)
  - 'blocks.20.norm1.bias': Tensor (1024,)
  - 'blocks.20.attn.qkv.weight': Tensor (3072, 1024)
  - 'blocks.20.attn.qkv.bias': Tensor (3072,)
  - 'blocks.20.attn.qkv.bias_mask': Tensor (3072,)
  - 'blocks.20.attn.proj.weight': Tensor (1024, 1024)
  - 'blocks.20.attn.proj.bias': Tensor (1024,)
  - 'blocks.20.ls1.gamma': Tensor (1024,)
  - 'blocks.20.norm2.weight': Tensor (1024,)
  - 'blocks.20.norm2.bias': Tensor (1024,)
  - 'blocks.20.mlp.fc1.weight': Tensor (4096, 1024)
  - 'blocks.20.mlp.fc1.bias': Tensor (4096,)
  - 'blocks.20.mlp.fc2.weight': Tensor (1024, 4096)
  - 'blocks.20.mlp.fc2.bias': Tensor (1024,)
  - 'blocks.20.ls2.gamma': Tensor (1024,)
  - 'blocks.21.norm1.weight': Tensor (1024,)
  - 'blocks.21.norm1.bias': Tensor (1024,)
  - 'blocks.21.attn.qkv.weight': Tensor (3072, 1024)
  - 'blocks.21.attn.qkv.bias': Tensor (3072,)
  - 'blocks.21.attn.qkv.bias_mask': Tensor (3072,)
  - 'blocks.21.attn.proj.weight': Tensor (1024, 1024)
  - 'blocks.21.attn.proj.bias': Tensor (1024,)
  - 'blocks.21.ls1.gamma': Tensor (1024,)
  - 'blocks.21.norm2.weight': Tensor (1024,)
  - 'blocks.21.norm2.bias': Tensor (1024,)
  - 'blocks.21.mlp.fc1.weight': Tensor (4096, 1024)
  - 'blocks.21.mlp.fc1.bias': Tensor (4096,)
  - 'blocks.21.mlp.fc2.weight': Tensor (1024, 4096)
  - 'blocks.21.mlp.fc2.bias': Tensor (1024,)
  - 'blocks.21.ls2.gamma': Tensor (1024,)
  - 'blocks.22.norm1.weight': Tensor (1024,)
  - 'blocks.22.norm1.bias': Tensor (1024,)
  - 'blocks.22.attn.qkv.weight': Tensor (3072, 1024)
  - 'blocks.22.attn.qkv.bias': Tensor (3072,)
  - 'blocks.22.attn.qkv.bias_mask': Tensor (3072,)
  - 'blocks.22.attn.proj.weight': Tensor (1024, 1024)
  - 'blocks.22.attn.proj.bias': Tensor (1024,)
  - 'blocks.22.ls1.gamma': Tensor (1024,)
  - 'blocks.22.norm2.weight': Tensor (1024,)
  - 'blocks.22.norm2.bias': Tensor (1024,)
  - 'blocks.22.mlp.fc1.weight': Tensor (4096, 1024)
  - 'blocks.22.mlp.fc1.bias': Tensor (4096,)
  - 'blocks.22.mlp.fc2.weight': Tensor (1024, 4096)
  - 'blocks.22.mlp.fc2.bias': Tensor (1024,)
  - 'blocks.22.ls2.gamma': Tensor (1024,)
  - 'blocks.23.norm1.weight': Tensor (1024,)
  - 'blocks.23.norm1.bias': Tensor (1024,)
  - 'blocks.23.attn.qkv.weight': Tensor (3072, 1024)
  - 'blocks.23.attn.qkv.bias': Tensor (3072,)
  - 'blocks.23.attn.qkv.bias_mask': Tensor (3072,)
  - 'blocks.23.attn.proj.weight': Tensor (1024, 1024)
  - 'blocks.23.attn.proj.bias': Tensor (1024,)
  - 'blocks.23.ls1.gamma': Tensor (1024,)
  - 'blocks.23.norm2.weight': Tensor (1024,)
  - 'blocks.23.norm2.bias': Tensor (1024,)
  - 'blocks.23.mlp.fc1.weight': Tensor (4096, 1024)
  - 'blocks.23.mlp.fc1.bias': Tensor (4096,)
  - 'blocks.23.mlp.fc2.weight': Tensor (1024, 4096)
  - 'blocks.23.mlp.fc2.bias': Tensor (1024,)
  - 'blocks.23.ls2.gamma': Tensor (1024,)
  - 'norm.weight': Tensor (1024,)
  - 'norm.bias': Tensor (1024,)

🔑 Using checkpoint directly as state_dict (368 items)

📊 State dict analysis:
  ├─ Total parameters: 368
  ├─ Tensors: 368
  └─ Total parameter count: 303,227,920 (303.2M)

  📝 First 15 parameter names:
     1. cls_token: (1, 1, 1024)
     2. storage_tokens: (1, 4, 1024)
     3. mask_token: (1, 1024)
     4. patch_embed.proj.weight: (1024, 3, 16, 16)
     5. patch_embed.proj.bias: (1024,)
     6. rope_embed.periods: (16,)
     7. blocks.0.norm1.weight: (1024,)
     8. blocks.0.norm1.bias: (1024,)
     9. blocks.0.attn.qkv.weight: (3072, 1024)
    10. blocks.0.attn.qkv.bias: (3072,)
    11. blocks.0.attn.qkv.bias_mask: (3072,)
    12. blocks.0.attn.proj.weight: (1024, 1024)
    13. blocks.0.attn.proj.bias: (1024,)
    14. blocks.0.ls1.gamma: (1024,)
    15. blocks.0.norm2.weight: (1024,)
    ... and 353 more parameters

  🔍 Key pattern analysis:
    - 'norm': 98 parameters
    - 'attn': 120 parameters
    - 'blocks': 360 parameters
    - 'patch_embed': 2 parameters
        • patch_embed.proj.weight
        • patch_embed.proj.bias

  🏗️  Architecture hints:
    - Vision Transformer with ~24 blocks detected
    - Patch embedding layer found
        • patch_embed.proj.weight: (1024, 3, 16, 16)
        • patch_embed.proj.bias: (1024,)

  📈 Sample tensor statistics:
    • cls_token:
        Shape: (1, 1, 1024)
        Dtype: torch.float32
        Mean: -0.002274, Std: 0.040809
        Min: -0.222507, Max: 0.300883
    • storage_tokens:
        Shape: (1, 4, 1024)
        Dtype: torch.float32
        Mean: 0.000233, Std: 0.027273
        Min: -0.343318, Max: 0.467870
    • mask_token:
        Shape: (1, 1024)
        Dtype: torch.float32
        Mean: 0.000000, Std: 0.000000
        Min: 0.000000, Max: 0.000000

======================================================================
🔍 Checking Detection Adapter (ViT-7B COCO)
📁 Path: /media/pc/D/zhaochen/mono3d/dinov3/checkpoints/dinov3_vit7b16_coco.pth
======================================================================
✅ File exists (1477.46 MB)
📥 Loading checkpoint (this may take a moment)...
✅ Checkpoint loaded successfully

📦 Checkpoint is a dictionary with 8 top-level keys:
  - 'model': dict with 322 items
  - 'optimizer': dict with 2 items
  - 'lr_scheduler': dict with 7 items
  - 'scaler': dict with 5 items
  - 'iteration': int
  - 'best_map': float
  - 'epoch': int
  - 'advance': int

🔑 Found 'model' key with 322 parameters

📊 State dict analysis:
  ├─ Total parameters: 322
  ├─ Tensors: 322
  └─ Total parameter count: 129,070,745 (129.1M)

  📝 First 15 parameter names:
     1. transformer.level_embed: (1, 768)
     2. transformer.decoder.layers.0.cross_attn.cpb_mlp1.0.weight: (512, 2)
     3. transformer.decoder.layers.0.cross_attn.cpb_mlp1.0.bias: (512,)
     4. transformer.decoder.layers.0.cross_attn.cpb_mlp1.2.weight: (8, 512)
     5. transformer.decoder.layers.0.cross_attn.cpb_mlp2.0.weight: (512, 2)
     6. transformer.decoder.layers.0.cross_attn.cpb_mlp2.0.bias: (512,)
     7. transformer.decoder.layers.0.cross_attn.cpb_mlp2.2.weight: (8, 512)
     8. transformer.decoder.layers.0.cross_attn.q.weight: (768, 768)
     9. transformer.decoder.layers.0.cross_attn.q.bias: (768,)
    10. transformer.decoder.layers.0.cross_attn.k.weight: (768, 768)
    11. transformer.decoder.layers.0.cross_attn.k.bias: (768,)
    12. transformer.decoder.layers.0.cross_attn.v.weight: (768, 768)
    13. transformer.decoder.layers.0.cross_attn.v.bias: (768,)
    14. transformer.decoder.layers.0.cross_attn.proj.weight: (768, 768)
    15. transformer.decoder.layers.0.cross_attn.proj.bias: (768,)
    ... and 307 more parameters

  🔍 Key pattern analysis:
    - 'encoder': 72 parameters
    - 'decoder': 226 parameters
    - 'linear': 48 parameters
    - 'classifier': 14 parameters
    - 'bbox': 42 parameters
    - 'norm': 66 parameters
    - 'attn': 132 parameters

  🏗️  Architecture hints:
    - Classification head detected
    - Bounding box regression head detected

  📈 Sample tensor statistics:
    • transformer.level_embed:
        Shape: (1, 768)
        Dtype: torch.float32
        Mean: -0.348310, Std: 0.470832
        Min: -1.736894, Max: 2.093753
    • transformer.decoder.layers.0.cross_attn.cpb_mlp1.0.weight:
        Shape: (512, 2)
        Dtype: torch.float32
        Mean: 0.000310, Std: 0.055553
        Min: -0.240848, Max: 0.241730
    • transformer.decoder.layers.0.cross_attn.cpb_mlp1.0.bias:
        Shape: (512,)
        Dtype: torch.float32
        Mean: 0.068094, Std: 0.270937
        Min: -0.479034, Max: 0.812076

======================================================================
🔍 Checking Segmentation Adapter (ViT-7B ADE20K)
📁 Path: /media/pc/D/zhaochen/mono3d/dinov3/checkpoints/dinov3_vit7b16_ade20k.pth
======================================================================
✅ File exists (3538.12 MB)
📥 Loading checkpoint (this may take a moment)...
✅ Checkpoint loaded successfully

📦 Checkpoint is a dictionary with 479 top-level keys:
  - 'segmentation_model.0.level_embed': Tensor (3, 4096)
  - 'segmentation_model.0.spm.stem.0.weight': Tensor (64, 3, 3, 3)
  - 'segmentation_model.0.spm.stem.1.weight': Tensor (64,)
  - 'segmentation_model.0.spm.stem.1.bias': Tensor (64,)
  - 'segmentation_model.0.spm.stem.1.running_mean': Tensor (64,)
  - 'segmentation_model.0.spm.stem.1.running_var': Tensor (64,)
  - 'segmentation_model.0.spm.stem.1.num_batches_tracked': Tensor ()
  - 'segmentation_model.0.spm.stem.3.weight': Tensor (64, 64, 3, 3)
  - 'segmentation_model.0.spm.stem.4.weight': Tensor (64,)
  - 'segmentation_model.0.spm.stem.4.bias': Tensor (64,)
  - 'segmentation_model.0.spm.stem.4.running_mean': Tensor (64,)
  - 'segmentation_model.0.spm.stem.4.running_var': Tensor (64,)
  - 'segmentation_model.0.spm.stem.4.num_batches_tracked': Tensor ()
  - 'segmentation_model.0.spm.stem.6.weight': Tensor (64, 64, 3, 3)
  - 'segmentation_model.0.spm.stem.7.weight': Tensor (64,)
  - 'segmentation_model.0.spm.stem.7.bias': Tensor (64,)
  - 'segmentation_model.0.spm.stem.7.running_mean': Tensor (64,)
  - 'segmentation_model.0.spm.stem.7.running_var': Tensor (64,)
  - 'segmentation_model.0.spm.stem.7.num_batches_tracked': Tensor ()
  - 'segmentation_model.0.spm.conv2.0.weight': Tensor (128, 64, 3, 3)
  - 'segmentation_model.0.spm.conv2.1.weight': Tensor (128,)
  - 'segmentation_model.0.spm.conv2.1.bias': Tensor (128,)
  - 'segmentation_model.0.spm.conv2.1.running_mean': Tensor (128,)
  - 'segmentation_model.0.spm.conv2.1.running_var': Tensor (128,)
  - 'segmentation_model.0.spm.conv2.1.num_batches_tracked': Tensor ()
  - 'segmentation_model.0.spm.conv3.0.weight': Tensor (256, 128, 3, 3)
  - 'segmentation_model.0.spm.conv3.1.weight': Tensor (256,)
  - 'segmentation_model.0.spm.conv3.1.bias': Tensor (256,)
  - 'segmentation_model.0.spm.conv3.1.running_mean': Tensor (256,)
  - 'segmentation_model.0.spm.conv3.1.running_var': Tensor (256,)
  - 'segmentation_model.0.spm.conv3.1.num_batches_tracked': Tensor ()
  - 'segmentation_model.0.spm.conv4.0.weight': Tensor (256, 256, 3, 3)
  - 'segmentation_model.0.spm.conv4.1.weight': Tensor (256,)
  - 'segmentation_model.0.spm.conv4.1.bias': Tensor (256,)
  - 'segmentation_model.0.spm.conv4.1.running_mean': Tensor (256,)
  - 'segmentation_model.0.spm.conv4.1.running_var': Tensor (256,)
  - 'segmentation_model.0.spm.conv4.1.num_batches_tracked': Tensor ()
  - 'segmentation_model.0.spm.fc1.weight': Tensor (4096, 64, 1, 1)
  - 'segmentation_model.0.spm.fc1.bias': Tensor (4096,)
  - 'segmentation_model.0.spm.fc2.weight': Tensor (4096, 128, 1, 1)
  - 'segmentation_model.0.spm.fc2.bias': Tensor (4096,)
  - 'segmentation_model.0.spm.fc3.weight': Tensor (4096, 256, 1, 1)
  - 'segmentation_model.0.spm.fc3.bias': Tensor (4096,)
  - 'segmentation_model.0.spm.fc4.weight': Tensor (4096, 256, 1, 1)
  - 'segmentation_model.0.spm.fc4.bias': Tensor (4096,)
  - 'segmentation_model.0.interactions.0.extractor.query_norm.weight': Tensor (4096,)
  - 'segmentation_model.0.interactions.0.extractor.query_norm.bias': Tensor (4096,)
  - 'segmentation_model.0.interactions.0.extractor.feat_norm.weight': Tensor (4096,)
  - 'segmentation_model.0.interactions.0.extractor.feat_norm.bias': Tensor (4096,)
  - 'segmentation_model.0.interactions.0.extractor.attn.sampling_offsets.weight': Tensor (128, 4096)
  - 'segmentation_model.0.interactions.0.extractor.attn.sampling_offsets.bias': Tensor (128,)
  - 'segmentation_model.0.interactions.0.extractor.attn.attention_weights.weight': Tensor (64, 4096)
  - 'segmentation_model.0.interactions.0.extractor.attn.attention_weights.bias': Tensor (64,)
  - 'segmentation_model.0.interactions.0.extractor.attn.value_proj.weight': Tensor (2048, 4096)
  - 'segmentation_model.0.interactions.0.extractor.attn.value_proj.bias': Tensor (2048,)
  - 'segmentation_model.0.interactions.0.extractor.attn.output_proj.weight': Tensor (4096, 2048)
  - 'segmentation_model.0.interactions.0.extractor.attn.output_proj.bias': Tensor (4096,)
  - 'segmentation_model.0.interactions.0.extractor.ffn.fc1.weight': Tensor (1024, 4096)
  - 'segmentation_model.0.interactions.0.extractor.ffn.fc1.bias': Tensor (1024,)
  - 'segmentation_model.0.interactions.0.extractor.ffn.dwconv.dwconv.weight': Tensor (1024, 1, 3, 3)
  - 'segmentation_model.0.interactions.0.extractor.ffn.dwconv.dwconv.bias': Tensor (1024,)
  - 'segmentation_model.0.interactions.0.extractor.ffn.fc2.weight': Tensor (4096, 1024)
  - 'segmentation_model.0.interactions.0.extractor.ffn.fc2.bias': Tensor (4096,)
  - 'segmentation_model.0.interactions.0.extractor.ffn_norm.weight': Tensor (4096,)
  - 'segmentation_model.0.interactions.0.extractor.ffn_norm.bias': Tensor (4096,)
  - 'segmentation_model.0.interactions.1.extractor.query_norm.weight': Tensor (4096,)
  - 'segmentation_model.0.interactions.1.extractor.query_norm.bias': Tensor (4096,)
  - 'segmentation_model.0.interactions.1.extractor.feat_norm.weight': Tensor (4096,)
  - 'segmentation_model.0.interactions.1.extractor.feat_norm.bias': Tensor (4096,)
  - 'segmentation_model.0.interactions.1.extractor.attn.sampling_offsets.weight': Tensor (128, 4096)
  - 'segmentation_model.0.interactions.1.extractor.attn.sampling_offsets.bias': Tensor (128,)
  - 'segmentation_model.0.interactions.1.extractor.attn.attention_weights.weight': Tensor (64, 4096)
  - 'segmentation_model.0.interactions.1.extractor.attn.attention_weights.bias': Tensor (64,)
  - 'segmentation_model.0.interactions.1.extractor.attn.value_proj.weight': Tensor (2048, 4096)
  - 'segmentation_model.0.interactions.1.extractor.attn.value_proj.bias': Tensor (2048,)
  - 'segmentation_model.0.interactions.1.extractor.attn.output_proj.weight': Tensor (4096, 2048)
  - 'segmentation_model.0.interactions.1.extractor.attn.output_proj.bias': Tensor (4096,)
  - 'segmentation_model.0.interactions.1.extractor.ffn.fc1.weight': Tensor (1024, 4096)
  - 'segmentation_model.0.interactions.1.extractor.ffn.fc1.bias': Tensor (1024,)
  - 'segmentation_model.0.interactions.1.extractor.ffn.dwconv.dwconv.weight': Tensor (1024, 1, 3, 3)
  - 'segmentation_model.0.interactions.1.extractor.ffn.dwconv.dwconv.bias': Tensor (1024,)
  - 'segmentation_model.0.interactions.1.extractor.ffn.fc2.weight': Tensor (4096, 1024)
  - 'segmentation_model.0.interactions.1.extractor.ffn.fc2.bias': Tensor (4096,)
  - 'segmentation_model.0.interactions.1.extractor.ffn_norm.weight': Tensor (4096,)
  - 'segmentation_model.0.interactions.1.extractor.ffn_norm.bias': Tensor (4096,)
  - 'segmentation_model.0.interactions.2.extractor.query_norm.weight': Tensor (4096,)
  - 'segmentation_model.0.interactions.2.extractor.query_norm.bias': Tensor (4096,)
  - 'segmentation_model.0.interactions.2.extractor.feat_norm.weight': Tensor (4096,)
  - 'segmentation_model.0.interactions.2.extractor.feat_norm.bias': Tensor (4096,)
  - 'segmentation_model.0.interactions.2.extractor.attn.sampling_offsets.weight': Tensor (128, 4096)
  - 'segmentation_model.0.interactions.2.extractor.attn.sampling_offsets.bias': Tensor (128,)
  - 'segmentation_model.0.interactions.2.extractor.attn.attention_weights.weight': Tensor (64, 4096)
  - 'segmentation_model.0.interactions.2.extractor.attn.attention_weights.bias': Tensor (64,)
  - 'segmentation_model.0.interactions.2.extractor.attn.value_proj.weight': Tensor (2048, 4096)
  - 'segmentation_model.0.interactions.2.extractor.attn.value_proj.bias': Tensor (2048,)
  - 'segmentation_model.0.interactions.2.extractor.attn.output_proj.weight': Tensor (4096, 2048)
  - 'segmentation_model.0.interactions.2.extractor.attn.output_proj.bias': Tensor (4096,)
  - 'segmentation_model.0.interactions.2.extractor.ffn.fc1.weight': Tensor (1024, 4096)
  - 'segmentation_model.0.interactions.2.extractor.ffn.fc1.bias': Tensor (1024,)
  - 'segmentation_model.0.interactions.2.extractor.ffn.dwconv.dwconv.weight': Tensor (1024, 1, 3, 3)
  - 'segmentation_model.0.interactions.2.extractor.ffn.dwconv.dwconv.bias': Tensor (1024,)
  - 'segmentation_model.0.interactions.2.extractor.ffn.fc2.weight': Tensor (4096, 1024)
  - 'segmentation_model.0.interactions.2.extractor.ffn.fc2.bias': Tensor (4096,)
  - 'segmentation_model.0.interactions.2.extractor.ffn_norm.weight': Tensor (4096,)
  - 'segmentation_model.0.interactions.2.extractor.ffn_norm.bias': Tensor (4096,)
  - 'segmentation_model.0.interactions.3.extractor.query_norm.weight': Tensor (4096,)
  - 'segmentation_model.0.interactions.3.extractor.query_norm.bias': Tensor (4096,)
  - 'segmentation_model.0.interactions.3.extractor.feat_norm.weight': Tensor (4096,)
  - 'segmentation_model.0.interactions.3.extractor.feat_norm.bias': Tensor (4096,)
  - 'segmentation_model.0.interactions.3.extractor.attn.sampling_offsets.weight': Tensor (128, 4096)
  - 'segmentation_model.0.interactions.3.extractor.attn.sampling_offsets.bias': Tensor (128,)
  - 'segmentation_model.0.interactions.3.extractor.attn.attention_weights.weight': Tensor (64, 4096)
  - 'segmentation_model.0.interactions.3.extractor.attn.attention_weights.bias': Tensor (64,)
  - 'segmentation_model.0.interactions.3.extractor.attn.value_proj.weight': Tensor (2048, 4096)
  - 'segmentation_model.0.interactions.3.extractor.attn.value_proj.bias': Tensor (2048,)
  - 'segmentation_model.0.interactions.3.extractor.attn.output_proj.weight': Tensor (4096, 2048)
  - 'segmentation_model.0.interactions.3.extractor.attn.output_proj.bias': Tensor (4096,)
  - 'segmentation_model.0.interactions.3.extractor.ffn.fc1.weight': Tensor (1024, 4096)
  - 'segmentation_model.0.interactions.3.extractor.ffn.fc1.bias': Tensor (1024,)
  - 'segmentation_model.0.interactions.3.extractor.ffn.dwconv.dwconv.weight': Tensor (1024, 1, 3, 3)
  - 'segmentation_model.0.interactions.3.extractor.ffn.dwconv.dwconv.bias': Tensor (1024,)
  - 'segmentation_model.0.interactions.3.extractor.ffn.fc2.weight': Tensor (4096, 1024)
  - 'segmentation_model.0.interactions.3.extractor.ffn.fc2.bias': Tensor (4096,)
  - 'segmentation_model.0.interactions.3.extractor.ffn_norm.weight': Tensor (4096,)
  - 'segmentation_model.0.interactions.3.extractor.ffn_norm.bias': Tensor (4096,)
  - 'segmentation_model.0.interactions.3.extra_extractors.0.query_norm.weight': Tensor (4096,)
  - 'segmentation_model.0.interactions.3.extra_extractors.0.query_norm.bias': Tensor (4096,)
  - 'segmentation_model.0.interactions.3.extra_extractors.0.feat_norm.weight': Tensor (4096,)
  - 'segmentation_model.0.interactions.3.extra_extractors.0.feat_norm.bias': Tensor (4096,)
  - 'segmentation_model.0.interactions.3.extra_extractors.0.attn.sampling_offsets.weight': Tensor (128, 4096)
  - 'segmentation_model.0.interactions.3.extra_extractors.0.attn.sampling_offsets.bias': Tensor (128,)
  - 'segmentation_model.0.interactions.3.extra_extractors.0.attn.attention_weights.weight': Tensor (64, 4096)
  - 'segmentation_model.0.interactions.3.extra_extractors.0.attn.attention_weights.bias': Tensor (64,)
  - 'segmentation_model.0.interactions.3.extra_extractors.0.attn.value_proj.weight': Tensor (2048, 4096)
  - 'segmentation_model.0.interactions.3.extra_extractors.0.attn.value_proj.bias': Tensor (2048,)
  - 'segmentation_model.0.interactions.3.extra_extractors.0.attn.output_proj.weight': Tensor (4096, 2048)
  - 'segmentation_model.0.interactions.3.extra_extractors.0.attn.output_proj.bias': Tensor (4096,)
  - 'segmentation_model.0.interactions.3.extra_extractors.0.ffn.fc1.weight': Tensor (1024, 4096)
  - 'segmentation_model.0.interactions.3.extra_extractors.0.ffn.fc1.bias': Tensor (1024,)
  - 'segmentation_model.0.interactions.3.extra_extractors.0.ffn.dwconv.dwconv.weight': Tensor (1024, 1, 3, 3)
  - 'segmentation_model.0.interactions.3.extra_extractors.0.ffn.dwconv.dwconv.bias': Tensor (1024,)
  - 'segmentation_model.0.interactions.3.extra_extractors.0.ffn.fc2.weight': Tensor (4096, 1024)
  - 'segmentation_model.0.interactions.3.extra_extractors.0.ffn.fc2.bias': Tensor (4096,)
  - 'segmentation_model.0.interactions.3.extra_extractors.0.ffn_norm.weight': Tensor (4096,)
  - 'segmentation_model.0.interactions.3.extra_extractors.0.ffn_norm.bias': Tensor (4096,)
  - 'segmentation_model.0.interactions.3.extra_extractors.1.query_norm.weight': Tensor (4096,)
  - 'segmentation_model.0.interactions.3.extra_extractors.1.query_norm.bias': Tensor (4096,)
  - 'segmentation_model.0.interactions.3.extra_extractors.1.feat_norm.weight': Tensor (4096,)
  - 'segmentation_model.0.interactions.3.extra_extractors.1.feat_norm.bias': Tensor (4096,)
  - 'segmentation_model.0.interactions.3.extra_extractors.1.attn.sampling_offsets.weight': Tensor (128, 4096)
  - 'segmentation_model.0.interactions.3.extra_extractors.1.attn.sampling_offsets.bias': Tensor (128,)
  - 'segmentation_model.0.interactions.3.extra_extractors.1.attn.attention_weights.weight': Tensor (64, 4096)
  - 'segmentation_model.0.interactions.3.extra_extractors.1.attn.attention_weights.bias': Tensor (64,)
  - 'segmentation_model.0.interactions.3.extra_extractors.1.attn.value_proj.weight': Tensor (2048, 4096)
  - 'segmentation_model.0.interactions.3.extra_extractors.1.attn.value_proj.bias': Tensor (2048,)
  - 'segmentation_model.0.interactions.3.extra_extractors.1.attn.output_proj.weight': Tensor (4096, 2048)
  - 'segmentation_model.0.interactions.3.extra_extractors.1.attn.output_proj.bias': Tensor (4096,)
  - 'segmentation_model.0.interactions.3.extra_extractors.1.ffn.fc1.weight': Tensor (1024, 4096)
  - 'segmentation_model.0.interactions.3.extra_extractors.1.ffn.fc1.bias': Tensor (1024,)
  - 'segmentation_model.0.interactions.3.extra_extractors.1.ffn.dwconv.dwconv.weight': Tensor (1024, 1, 3, 3)
  - 'segmentation_model.0.interactions.3.extra_extractors.1.ffn.dwconv.dwconv.bias': Tensor (1024,)
  - 'segmentation_model.0.interactions.3.extra_extractors.1.ffn.fc2.weight': Tensor (4096, 1024)
  - 'segmentation_model.0.interactions.3.extra_extractors.1.ffn.fc2.bias': Tensor (4096,)
  - 'segmentation_model.0.interactions.3.extra_extractors.1.ffn_norm.weight': Tensor (4096,)
  - 'segmentation_model.0.interactions.3.extra_extractors.1.ffn_norm.bias': Tensor (4096,)
  - 'segmentation_model.0.up.weight': Tensor (4096, 4096, 2, 2)
  - 'segmentation_model.0.up.bias': Tensor (4096,)
  - 'segmentation_model.0.norm1.weight': Tensor (4096,)
  - 'segmentation_model.0.norm1.bias': Tensor (4096,)
  - 'segmentation_model.0.norm1.running_mean': Tensor (4096,)
  - 'segmentation_model.0.norm1.running_var': Tensor (4096,)
  - 'segmentation_model.0.norm1.num_batches_tracked': Tensor ()
  - 'segmentation_model.0.norm2.weight': Tensor (4096,)
  - 'segmentation_model.0.norm2.bias': Tensor (4096,)
  - 'segmentation_model.0.norm2.running_mean': Tensor (4096,)
  - 'segmentation_model.0.norm2.running_var': Tensor (4096,)
  - 'segmentation_model.0.norm2.num_batches_tracked': Tensor ()
  - 'segmentation_model.0.norm3.weight': Tensor (4096,)
  - 'segmentation_model.0.norm3.bias': Tensor (4096,)
  - 'segmentation_model.0.norm3.running_mean': Tensor (4096,)
  - 'segmentation_model.0.norm3.running_var': Tensor (4096,)
  - 'segmentation_model.0.norm3.num_batches_tracked': Tensor ()
  - 'segmentation_model.0.norm4.weight': Tensor (4096,)
  - 'segmentation_model.0.norm4.bias': Tensor (4096,)
  - 'segmentation_model.0.norm4.running_mean': Tensor (4096,)
  - 'segmentation_model.0.norm4.running_var': Tensor (4096,)
  - 'segmentation_model.0.norm4.num_batches_tracked': Tensor ()
  - 'segmentation_model.1.pixel_decoder.input_convs.0.0.weight': Tensor (2048, 4096, 1, 1)
  - 'segmentation_model.1.pixel_decoder.input_convs.0.0.bias': Tensor (2048,)
  - 'segmentation_model.1.pixel_decoder.input_convs.0.1.weight': Tensor (2048,)
  - 'segmentation_model.1.pixel_decoder.input_convs.0.1.bias': Tensor (2048,)
  - 'segmentation_model.1.pixel_decoder.input_convs.1.0.weight': Tensor (2048, 4096, 1, 1)
  - 'segmentation_model.1.pixel_decoder.input_convs.1.0.bias': Tensor (2048,)
  - 'segmentation_model.1.pixel_decoder.input_convs.1.1.weight': Tensor (2048,)
  - 'segmentation_model.1.pixel_decoder.input_convs.1.1.bias': Tensor (2048,)
  - 'segmentation_model.1.pixel_decoder.input_convs.2.0.weight': Tensor (2048, 4096, 1, 1)
  - 'segmentation_model.1.pixel_decoder.input_convs.2.0.bias': Tensor (2048,)
  - 'segmentation_model.1.pixel_decoder.input_convs.2.1.weight': Tensor (2048,)
  - 'segmentation_model.1.pixel_decoder.input_convs.2.1.bias': Tensor (2048,)
  - 'segmentation_model.1.pixel_decoder.encoder.level_encoding': Tensor (3, 2048)
  - 'segmentation_model.1.pixel_decoder.encoder.encoder.layers.0.self_attn.sampling_offsets.weight': Tensor (384, 2048)
  - 'segmentation_model.1.pixel_decoder.encoder.encoder.layers.0.self_attn.sampling_offsets.bias': Tensor (384,)
  - 'segmentation_model.1.pixel_decoder.encoder.encoder.layers.0.self_attn.attention_weights.weight': Tensor (192, 2048)
  - 'segmentation_model.1.pixel_decoder.encoder.encoder.layers.0.self_attn.attention_weights.bias': Tensor (192,)
  - 'segmentation_model.1.pixel_decoder.encoder.encoder.layers.0.self_attn.value_proj.weight': Tensor (2048, 2048)
  - 'segmentation_model.1.pixel_decoder.encoder.encoder.layers.0.self_attn.value_proj.bias': Tensor (2048,)
  - 'segmentation_model.1.pixel_decoder.encoder.encoder.layers.0.self_attn.output_proj.weight': Tensor (2048, 2048)
  - 'segmentation_model.1.pixel_decoder.encoder.encoder.layers.0.self_attn.output_proj.bias': Tensor (2048,)
  - 'segmentation_model.1.pixel_decoder.encoder.encoder.layers.0.norm1.weight': Tensor (2048,)
  - 'segmentation_model.1.pixel_decoder.encoder.encoder.layers.0.norm1.bias': Tensor (2048,)
  - 'segmentation_model.1.pixel_decoder.encoder.encoder.layers.0.linear1.weight': Tensor (4096, 2048)
  - 'segmentation_model.1.pixel_decoder.encoder.encoder.layers.0.linear1.bias': Tensor (4096,)
  - 'segmentation_model.1.pixel_decoder.encoder.encoder.layers.0.linear2.weight': Tensor (2048, 4096)
  - 'segmentation_model.1.pixel_decoder.encoder.encoder.layers.0.linear2.bias': Tensor (2048,)
  - 'segmentation_model.1.pixel_decoder.encoder.encoder.layers.0.norm2.weight': Tensor (2048,)
  - 'segmentation_model.1.pixel_decoder.encoder.encoder.layers.0.norm2.bias': Tensor (2048,)
  - 'segmentation_model.1.pixel_decoder.encoder.encoder.layers.1.self_attn.sampling_offsets.weight': Tensor (384, 2048)
  - 'segmentation_model.1.pixel_decoder.encoder.encoder.layers.1.self_attn.sampling_offsets.bias': Tensor (384,)
  - 'segmentation_model.1.pixel_decoder.encoder.encoder.layers.1.self_attn.attention_weights.weight': Tensor (192, 2048)
  - 'segmentation_model.1.pixel_decoder.encoder.encoder.layers.1.self_attn.attention_weights.bias': Tensor (192,)
  - 'segmentation_model.1.pixel_decoder.encoder.encoder.layers.1.self_attn.value_proj.weight': Tensor (2048, 2048)
  - 'segmentation_model.1.pixel_decoder.encoder.encoder.layers.1.self_attn.value_proj.bias': Tensor (2048,)
  - 'segmentation_model.1.pixel_decoder.encoder.encoder.layers.1.self_attn.output_proj.weight': Tensor (2048, 2048)
  - 'segmentation_model.1.pixel_decoder.encoder.encoder.layers.1.self_attn.output_proj.bias': Tensor (2048,)
  - 'segmentation_model.1.pixel_decoder.encoder.encoder.layers.1.norm1.weight': Tensor (2048,)
  - 'segmentation_model.1.pixel_decoder.encoder.encoder.layers.1.norm1.bias': Tensor (2048,)
  - 'segmentation_model.1.pixel_decoder.encoder.encoder.layers.1.linear1.weight': Tensor (4096, 2048)
  - 'segmentation_model.1.pixel_decoder.encoder.encoder.layers.1.linear1.bias': Tensor (4096,)
  - 'segmentation_model.1.pixel_decoder.encoder.encoder.layers.1.linear2.weight': Tensor (2048, 4096)
  - 'segmentation_model.1.pixel_decoder.encoder.encoder.layers.1.linear2.bias': Tensor (2048,)
  - 'segmentation_model.1.pixel_decoder.encoder.encoder.layers.1.norm2.weight': Tensor (2048,)
  - 'segmentation_model.1.pixel_decoder.encoder.encoder.layers.1.norm2.bias': Tensor (2048,)
  - 'segmentation_model.1.pixel_decoder.encoder.encoder.layers.2.self_attn.sampling_offsets.weight': Tensor (384, 2048)
  - 'segmentation_model.1.pixel_decoder.encoder.encoder.layers.2.self_attn.sampling_offsets.bias': Tensor (384,)
  - 'segmentation_model.1.pixel_decoder.encoder.encoder.layers.2.self_attn.attention_weights.weight': Tensor (192, 2048)
  - 'segmentation_model.1.pixel_decoder.encoder.encoder.layers.2.self_attn.attention_weights.bias': Tensor (192,)
  - 'segmentation_model.1.pixel_decoder.encoder.encoder.layers.2.self_attn.value_proj.weight': Tensor (2048, 2048)
  - 'segmentation_model.1.pixel_decoder.encoder.encoder.layers.2.self_attn.value_proj.bias': Tensor (2048,)
  - 'segmentation_model.1.pixel_decoder.encoder.encoder.layers.2.self_attn.output_proj.weight': Tensor (2048, 2048)
  - 'segmentation_model.1.pixel_decoder.encoder.encoder.layers.2.self_attn.output_proj.bias': Tensor (2048,)
  - 'segmentation_model.1.pixel_decoder.encoder.encoder.layers.2.norm1.weight': Tensor (2048,)
  - 'segmentation_model.1.pixel_decoder.encoder.encoder.layers.2.norm1.bias': Tensor (2048,)
  - 'segmentation_model.1.pixel_decoder.encoder.encoder.layers.2.linear1.weight': Tensor (4096, 2048)
  - 'segmentation_model.1.pixel_decoder.encoder.encoder.layers.2.linear1.bias': Tensor (4096,)
  - 'segmentation_model.1.pixel_decoder.encoder.encoder.layers.2.linear2.weight': Tensor (2048, 4096)
  - 'segmentation_model.1.pixel_decoder.encoder.encoder.layers.2.linear2.bias': Tensor (2048,)
  - 'segmentation_model.1.pixel_decoder.encoder.encoder.layers.2.norm2.weight': Tensor (2048,)
  - 'segmentation_model.1.pixel_decoder.encoder.encoder.layers.2.norm2.bias': Tensor (2048,)
  - 'segmentation_model.1.pixel_decoder.encoder.encoder.layers.3.self_attn.sampling_offsets.weight': Tensor (384, 2048)
  - 'segmentation_model.1.pixel_decoder.encoder.encoder.layers.3.self_attn.sampling_offsets.bias': Tensor (384,)
  - 'segmentation_model.1.pixel_decoder.encoder.encoder.layers.3.self_attn.attention_weights.weight': Tensor (192, 2048)
  - 'segmentation_model.1.pixel_decoder.encoder.encoder.layers.3.self_attn.attention_weights.bias': Tensor (192,)
  - 'segmentation_model.1.pixel_decoder.encoder.encoder.layers.3.self_attn.value_proj.weight': Tensor (2048, 2048)
  - 'segmentation_model.1.pixel_decoder.encoder.encoder.layers.3.self_attn.value_proj.bias': Tensor (2048,)
  - 'segmentation_model.1.pixel_decoder.encoder.encoder.layers.3.self_attn.output_proj.weight': Tensor (2048, 2048)
  - 'segmentation_model.1.pixel_decoder.encoder.encoder.layers.3.self_attn.output_proj.bias': Tensor (2048,)
  - 'segmentation_model.1.pixel_decoder.encoder.encoder.layers.3.norm1.weight': Tensor (2048,)
  - 'segmentation_model.1.pixel_decoder.encoder.encoder.layers.3.norm1.bias': Tensor (2048,)
  - 'segmentation_model.1.pixel_decoder.encoder.encoder.layers.3.linear1.weight': Tensor (4096, 2048)
  - 'segmentation_model.1.pixel_decoder.encoder.encoder.layers.3.linear1.bias': Tensor (4096,)
  - 'segmentation_model.1.pixel_decoder.encoder.encoder.layers.3.linear2.weight': Tensor (2048, 4096)
  - 'segmentation_model.1.pixel_decoder.encoder.encoder.layers.3.linear2.bias': Tensor (2048,)
  - 'segmentation_model.1.pixel_decoder.encoder.encoder.layers.3.norm2.weight': Tensor (2048,)
  - 'segmentation_model.1.pixel_decoder.encoder.encoder.layers.3.norm2.bias': Tensor (2048,)
  - 'segmentation_model.1.pixel_decoder.encoder.encoder.layers.4.self_attn.sampling_offsets.weight': Tensor (384, 2048)
  - 'segmentation_model.1.pixel_decoder.encoder.encoder.layers.4.self_attn.sampling_offsets.bias': Tensor (384,)
  - 'segmentation_model.1.pixel_decoder.encoder.encoder.layers.4.self_attn.attention_weights.weight': Tensor (192, 2048)
  - 'segmentation_model.1.pixel_decoder.encoder.encoder.layers.4.self_attn.attention_weights.bias': Tensor (192,)
  - 'segmentation_model.1.pixel_decoder.encoder.encoder.layers.4.self_attn.value_proj.weight': Tensor (2048, 2048)
  - 'segmentation_model.1.pixel_decoder.encoder.encoder.layers.4.self_attn.value_proj.bias': Tensor (2048,)
  - 'segmentation_model.1.pixel_decoder.encoder.encoder.layers.4.self_attn.output_proj.weight': Tensor (2048, 2048)
  - 'segmentation_model.1.pixel_decoder.encoder.encoder.layers.4.self_attn.output_proj.bias': Tensor (2048,)
  - 'segmentation_model.1.pixel_decoder.encoder.encoder.layers.4.norm1.weight': Tensor (2048,)
  - 'segmentation_model.1.pixel_decoder.encoder.encoder.layers.4.norm1.bias': Tensor (2048,)
  - 'segmentation_model.1.pixel_decoder.encoder.encoder.layers.4.linear1.weight': Tensor (4096, 2048)
  - 'segmentation_model.1.pixel_decoder.encoder.encoder.layers.4.linear1.bias': Tensor (4096,)
  - 'segmentation_model.1.pixel_decoder.encoder.encoder.layers.4.linear2.weight': Tensor (2048, 4096)
  - 'segmentation_model.1.pixel_decoder.encoder.encoder.layers.4.linear2.bias': Tensor (2048,)
  - 'segmentation_model.1.pixel_decoder.encoder.encoder.layers.4.norm2.weight': Tensor (2048,)
  - 'segmentation_model.1.pixel_decoder.encoder.encoder.layers.4.norm2.bias': Tensor (2048,)
  - 'segmentation_model.1.pixel_decoder.encoder.encoder.layers.5.self_attn.sampling_offsets.weight': Tensor (384, 2048)
  - 'segmentation_model.1.pixel_decoder.encoder.encoder.layers.5.self_attn.sampling_offsets.bias': Tensor (384,)
  - 'segmentation_model.1.pixel_decoder.encoder.encoder.layers.5.self_attn.attention_weights.weight': Tensor (192, 2048)
  - 'segmentation_model.1.pixel_decoder.encoder.encoder.layers.5.self_attn.attention_weights.bias': Tensor (192,)
  - 'segmentation_model.1.pixel_decoder.encoder.encoder.layers.5.self_attn.value_proj.weight': Tensor (2048, 2048)
  - 'segmentation_model.1.pixel_decoder.encoder.encoder.layers.5.self_attn.value_proj.bias': Tensor (2048,)
  - 'segmentation_model.1.pixel_decoder.encoder.encoder.layers.5.self_attn.output_proj.weight': Tensor (2048, 2048)
  - 'segmentation_model.1.pixel_decoder.encoder.encoder.layers.5.self_attn.output_proj.bias': Tensor (2048,)
  - 'segmentation_model.1.pixel_decoder.encoder.encoder.layers.5.norm1.weight': Tensor (2048,)
  - 'segmentation_model.1.pixel_decoder.encoder.encoder.layers.5.norm1.bias': Tensor (2048,)
  - 'segmentation_model.1.pixel_decoder.encoder.encoder.layers.5.linear1.weight': Tensor (4096, 2048)
  - 'segmentation_model.1.pixel_decoder.encoder.encoder.layers.5.linear1.bias': Tensor (4096,)
  - 'segmentation_model.1.pixel_decoder.encoder.encoder.layers.5.linear2.weight': Tensor (2048, 4096)
  - 'segmentation_model.1.pixel_decoder.encoder.encoder.layers.5.linear2.bias': Tensor (2048,)
  - 'segmentation_model.1.pixel_decoder.encoder.encoder.layers.5.norm2.weight': Tensor (2048,)
  - 'segmentation_model.1.pixel_decoder.encoder.encoder.layers.5.norm2.bias': Tensor (2048,)
  - 'segmentation_model.1.pixel_decoder.mask_feature.weight': Tensor (2048, 2048, 1, 1)
  - 'segmentation_model.1.pixel_decoder.mask_feature.bias': Tensor (2048,)
  - 'segmentation_model.1.pixel_decoder.lateral_convs.0.weight': Tensor (2048, 4096, 1, 1)
  - 'segmentation_model.1.pixel_decoder.lateral_convs.0.norm.weight': Tensor (2048,)
  - 'segmentation_model.1.pixel_decoder.lateral_convs.0.norm.bias': Tensor (2048,)
  - 'segmentation_model.1.pixel_decoder.output_convs.0.weight': Tensor (2048, 2048, 3, 3)
  - 'segmentation_model.1.pixel_decoder.output_convs.0.norm.weight': Tensor (2048,)
  - 'segmentation_model.1.pixel_decoder.output_convs.0.norm.bias': Tensor (2048,)
  - 'segmentation_model.1.predictor.transformer_self_attention_layers.0.self_attn.in_proj_weight': Tensor (6144, 2048)
  - 'segmentation_model.1.predictor.transformer_self_attention_layers.0.self_attn.in_proj_bias': Tensor (6144,)
  - 'segmentation_model.1.predictor.transformer_self_attention_layers.0.self_attn.out_proj.weight': Tensor (2048, 2048)
  - 'segmentation_model.1.predictor.transformer_self_attention_layers.0.self_attn.out_proj.bias': Tensor (2048,)
  - 'segmentation_model.1.predictor.transformer_self_attention_layers.0.norm.weight': Tensor (2048,)
  - 'segmentation_model.1.predictor.transformer_self_attention_layers.0.norm.bias': Tensor (2048,)
  - 'segmentation_model.1.predictor.transformer_self_attention_layers.1.self_attn.in_proj_weight': Tensor (6144, 2048)
  - 'segmentation_model.1.predictor.transformer_self_attention_layers.1.self_attn.in_proj_bias': Tensor (6144,)
  - 'segmentation_model.1.predictor.transformer_self_attention_layers.1.self_attn.out_proj.weight': Tensor (2048, 2048)
  - 'segmentation_model.1.predictor.transformer_self_attention_layers.1.self_attn.out_proj.bias': Tensor (2048,)
  - 'segmentation_model.1.predictor.transformer_self_attention_layers.1.norm.weight': Tensor (2048,)
  - 'segmentation_model.1.predictor.transformer_self_attention_layers.1.norm.bias': Tensor (2048,)
  - 'segmentation_model.1.predictor.transformer_self_attention_layers.2.self_attn.in_proj_weight': Tensor (6144, 2048)
  - 'segmentation_model.1.predictor.transformer_self_attention_layers.2.self_attn.in_proj_bias': Tensor (6144,)
  - 'segmentation_model.1.predictor.transformer_self_attention_layers.2.self_attn.out_proj.weight': Tensor (2048, 2048)
  - 'segmentation_model.1.predictor.transformer_self_attention_layers.2.self_attn.out_proj.bias': Tensor (2048,)
  - 'segmentation_model.1.predictor.transformer_self_attention_layers.2.norm.weight': Tensor (2048,)
  - 'segmentation_model.1.predictor.transformer_self_attention_layers.2.norm.bias': Tensor (2048,)
  - 'segmentation_model.1.predictor.transformer_self_attention_layers.3.self_attn.in_proj_weight': Tensor (6144, 2048)
  - 'segmentation_model.1.predictor.transformer_self_attention_layers.3.self_attn.in_proj_bias': Tensor (6144,)
  - 'segmentation_model.1.predictor.transformer_self_attention_layers.3.self_attn.out_proj.weight': Tensor (2048, 2048)
  - 'segmentation_model.1.predictor.transformer_self_attention_layers.3.self_attn.out_proj.bias': Tensor (2048,)
  - 'segmentation_model.1.predictor.transformer_self_attention_layers.3.norm.weight': Tensor (2048,)
  - 'segmentation_model.1.predictor.transformer_self_attention_layers.3.norm.bias': Tensor (2048,)
  - 'segmentation_model.1.predictor.transformer_self_attention_layers.4.self_attn.in_proj_weight': Tensor (6144, 2048)
  - 'segmentation_model.1.predictor.transformer_self_attention_layers.4.self_attn.in_proj_bias': Tensor (6144,)
  - 'segmentation_model.1.predictor.transformer_self_attention_layers.4.self_attn.out_proj.weight': Tensor (2048, 2048)
  - 'segmentation_model.1.predictor.transformer_self_attention_layers.4.self_attn.out_proj.bias': Tensor (2048,)
  - 'segmentation_model.1.predictor.transformer_self_attention_layers.4.norm.weight': Tensor (2048,)
  - 'segmentation_model.1.predictor.transformer_self_attention_layers.4.norm.bias': Tensor (2048,)
  - 'segmentation_model.1.predictor.transformer_self_attention_layers.5.self_attn.in_proj_weight': Tensor (6144, 2048)
  - 'segmentation_model.1.predictor.transformer_self_attention_layers.5.self_attn.in_proj_bias': Tensor (6144,)
  - 'segmentation_model.1.predictor.transformer_self_attention_layers.5.self_attn.out_proj.weight': Tensor (2048, 2048)
  - 'segmentation_model.1.predictor.transformer_self_attention_layers.5.self_attn.out_proj.bias': Tensor (2048,)
  - 'segmentation_model.1.predictor.transformer_self_attention_layers.5.norm.weight': Tensor (2048,)
  - 'segmentation_model.1.predictor.transformer_self_attention_layers.5.norm.bias': Tensor (2048,)
  - 'segmentation_model.1.predictor.transformer_self_attention_layers.6.self_attn.in_proj_weight': Tensor (6144, 2048)
  - 'segmentation_model.1.predictor.transformer_self_attention_layers.6.self_attn.in_proj_bias': Tensor (6144,)
  - 'segmentation_model.1.predictor.transformer_self_attention_layers.6.self_attn.out_proj.weight': Tensor (2048, 2048)
  - 'segmentation_model.1.predictor.transformer_self_attention_layers.6.self_attn.out_proj.bias': Tensor (2048,)
  - 'segmentation_model.1.predictor.transformer_self_attention_layers.6.norm.weight': Tensor (2048,)
  - 'segmentation_model.1.predictor.transformer_self_attention_layers.6.norm.bias': Tensor (2048,)
  - 'segmentation_model.1.predictor.transformer_self_attention_layers.7.self_attn.in_proj_weight': Tensor (6144, 2048)
  - 'segmentation_model.1.predictor.transformer_self_attention_layers.7.self_attn.in_proj_bias': Tensor (6144,)
  - 'segmentation_model.1.predictor.transformer_self_attention_layers.7.self_attn.out_proj.weight': Tensor (2048, 2048)
  - 'segmentation_model.1.predictor.transformer_self_attention_layers.7.self_attn.out_proj.bias': Tensor (2048,)
  - 'segmentation_model.1.predictor.transformer_self_attention_layers.7.norm.weight': Tensor (2048,)
  - 'segmentation_model.1.predictor.transformer_self_attention_layers.7.norm.bias': Tensor (2048,)
  - 'segmentation_model.1.predictor.transformer_self_attention_layers.8.self_attn.in_proj_weight': Tensor (6144, 2048)
  - 'segmentation_model.1.predictor.transformer_self_attention_layers.8.self_attn.in_proj_bias': Tensor (6144,)
  - 'segmentation_model.1.predictor.transformer_self_attention_layers.8.self_attn.out_proj.weight': Tensor (2048, 2048)
  - 'segmentation_model.1.predictor.transformer_self_attention_layers.8.self_attn.out_proj.bias': Tensor (2048,)
  - 'segmentation_model.1.predictor.transformer_self_attention_layers.8.norm.weight': Tensor (2048,)
  - 'segmentation_model.1.predictor.transformer_self_attention_layers.8.norm.bias': Tensor (2048,)
  - 'segmentation_model.1.predictor.transformer_cross_attention_layers.0.multihead_attn.in_proj_weight': Tensor (6144, 2048)
  - 'segmentation_model.1.predictor.transformer_cross_attention_layers.0.multihead_attn.in_proj_bias': Tensor (6144,)
  - 'segmentation_model.1.predictor.transformer_cross_attention_layers.0.multihead_attn.out_proj.weight': Tensor (2048, 2048)
  - 'segmentation_model.1.predictor.transformer_cross_attention_layers.0.multihead_attn.out_proj.bias': Tensor (2048,)
  - 'segmentation_model.1.predictor.transformer_cross_attention_layers.0.norm.weight': Tensor (2048,)
  - 'segmentation_model.1.predictor.transformer_cross_attention_layers.0.norm.bias': Tensor (2048,)
  - 'segmentation_model.1.predictor.transformer_cross_attention_layers.1.multihead_attn.in_proj_weight': Tensor (6144, 2048)
  - 'segmentation_model.1.predictor.transformer_cross_attention_layers.1.multihead_attn.in_proj_bias': Tensor (6144,)
  - 'segmentation_model.1.predictor.transformer_cross_attention_layers.1.multihead_attn.out_proj.weight': Tensor (2048, 2048)
  - 'segmentation_model.1.predictor.transformer_cross_attention_layers.1.multihead_attn.out_proj.bias': Tensor (2048,)
  - 'segmentation_model.1.predictor.transformer_cross_attention_layers.1.norm.weight': Tensor (2048,)
  - 'segmentation_model.1.predictor.transformer_cross_attention_layers.1.norm.bias': Tensor (2048,)
  - 'segmentation_model.1.predictor.transformer_cross_attention_layers.2.multihead_attn.in_proj_weight': Tensor (6144, 2048)
  - 'segmentation_model.1.predictor.transformer_cross_attention_layers.2.multihead_attn.in_proj_bias': Tensor (6144,)
  - 'segmentation_model.1.predictor.transformer_cross_attention_layers.2.multihead_attn.out_proj.weight': Tensor (2048, 2048)
  - 'segmentation_model.1.predictor.transformer_cross_attention_layers.2.multihead_attn.out_proj.bias': Tensor (2048,)
  - 'segmentation_model.1.predictor.transformer_cross_attention_layers.2.norm.weight': Tensor (2048,)
  - 'segmentation_model.1.predictor.transformer_cross_attention_layers.2.norm.bias': Tensor (2048,)
  - 'segmentation_model.1.predictor.transformer_cross_attention_layers.3.multihead_attn.in_proj_weight': Tensor (6144, 2048)
  - 'segmentation_model.1.predictor.transformer_cross_attention_layers.3.multihead_attn.in_proj_bias': Tensor (6144,)
  - 'segmentation_model.1.predictor.transformer_cross_attention_layers.3.multihead_attn.out_proj.weight': Tensor (2048, 2048)
  - 'segmentation_model.1.predictor.transformer_cross_attention_layers.3.multihead_attn.out_proj.bias': Tensor (2048,)
  - 'segmentation_model.1.predictor.transformer_cross_attention_layers.3.norm.weight': Tensor (2048,)
  - 'segmentation_model.1.predictor.transformer_cross_attention_layers.3.norm.bias': Tensor (2048,)
  - 'segmentation_model.1.predictor.transformer_cross_attention_layers.4.multihead_attn.in_proj_weight': Tensor (6144, 2048)
  - 'segmentation_model.1.predictor.transformer_cross_attention_layers.4.multihead_attn.in_proj_bias': Tensor (6144,)
  - 'segmentation_model.1.predictor.transformer_cross_attention_layers.4.multihead_attn.out_proj.weight': Tensor (2048, 2048)
  - 'segmentation_model.1.predictor.transformer_cross_attention_layers.4.multihead_attn.out_proj.bias': Tensor (2048,)
  - 'segmentation_model.1.predictor.transformer_cross_attention_layers.4.norm.weight': Tensor (2048,)
  - 'segmentation_model.1.predictor.transformer_cross_attention_layers.4.norm.bias': Tensor (2048,)
  - 'segmentation_model.1.predictor.transformer_cross_attention_layers.5.multihead_attn.in_proj_weight': Tensor (6144, 2048)
  - 'segmentation_model.1.predictor.transformer_cross_attention_layers.5.multihead_attn.in_proj_bias': Tensor (6144,)
  - 'segmentation_model.1.predictor.transformer_cross_attention_layers.5.multihead_attn.out_proj.weight': Tensor (2048, 2048)
  - 'segmentation_model.1.predictor.transformer_cross_attention_layers.5.multihead_attn.out_proj.bias': Tensor (2048,)
  - 'segmentation_model.1.predictor.transformer_cross_attention_layers.5.norm.weight': Tensor (2048,)
  - 'segmentation_model.1.predictor.transformer_cross_attention_layers.5.norm.bias': Tensor (2048,)
  - 'segmentation_model.1.predictor.transformer_cross_attention_layers.6.multihead_attn.in_proj_weight': Tensor (6144, 2048)
  - 'segmentation_model.1.predictor.transformer_cross_attention_layers.6.multihead_attn.in_proj_bias': Tensor (6144,)
  - 'segmentation_model.1.predictor.transformer_cross_attention_layers.6.multihead_attn.out_proj.weight': Tensor (2048, 2048)
  - 'segmentation_model.1.predictor.transformer_cross_attention_layers.6.multihead_attn.out_proj.bias': Tensor (2048,)
  - 'segmentation_model.1.predictor.transformer_cross_attention_layers.6.norm.weight': Tensor (2048,)
  - 'segmentation_model.1.predictor.transformer_cross_attention_layers.6.norm.bias': Tensor (2048,)
  - 'segmentation_model.1.predictor.transformer_cross_attention_layers.7.multihead_attn.in_proj_weight': Tensor (6144, 2048)
  - 'segmentation_model.1.predictor.transformer_cross_attention_layers.7.multihead_attn.in_proj_bias': Tensor (6144,)
  - 'segmentation_model.1.predictor.transformer_cross_attention_layers.7.multihead_attn.out_proj.weight': Tensor (2048, 2048)
  - 'segmentation_model.1.predictor.transformer_cross_attention_layers.7.multihead_attn.out_proj.bias': Tensor (2048,)
  - 'segmentation_model.1.predictor.transformer_cross_attention_layers.7.norm.weight': Tensor (2048,)
  - 'segmentation_model.1.predictor.transformer_cross_attention_layers.7.norm.bias': Tensor (2048,)
  - 'segmentation_model.1.predictor.transformer_cross_attention_layers.8.multihead_attn.in_proj_weight': Tensor (6144, 2048)
  - 'segmentation_model.1.predictor.transformer_cross_attention_layers.8.multihead_attn.in_proj_bias': Tensor (6144,)
  - 'segmentation_model.1.predictor.transformer_cross_attention_layers.8.multihead_attn.out_proj.weight': Tensor (2048, 2048)
  - 'segmentation_model.1.predictor.transformer_cross_attention_layers.8.multihead_attn.out_proj.bias': Tensor (2048,)
  - 'segmentation_model.1.predictor.transformer_cross_attention_layers.8.norm.weight': Tensor (2048,)
  - 'segmentation_model.1.predictor.transformer_cross_attention_layers.8.norm.bias': Tensor (2048,)
  - 'segmentation_model.1.predictor.transformer_ffn_layers.0.linear1.weight': Tensor (4096, 2048)
  - 'segmentation_model.1.predictor.transformer_ffn_layers.0.linear1.bias': Tensor (4096,)
  - 'segmentation_model.1.predictor.transformer_ffn_layers.0.linear2.weight': Tensor (2048, 4096)
  - 'segmentation_model.1.predictor.transformer_ffn_layers.0.linear2.bias': Tensor (2048,)
  - 'segmentation_model.1.predictor.transformer_ffn_layers.0.norm.weight': Tensor (2048,)
  - 'segmentation_model.1.predictor.transformer_ffn_layers.0.norm.bias': Tensor (2048,)
  - 'segmentation_model.1.predictor.transformer_ffn_layers.1.linear1.weight': Tensor (4096, 2048)
  - 'segmentation_model.1.predictor.transformer_ffn_layers.1.linear1.bias': Tensor (4096,)
  - 'segmentation_model.1.predictor.transformer_ffn_layers.1.linear2.weight': Tensor (2048, 4096)
  - 'segmentation_model.1.predictor.transformer_ffn_layers.1.linear2.bias': Tensor (2048,)
  - 'segmentation_model.1.predictor.transformer_ffn_layers.1.norm.weight': Tensor (2048,)
  - 'segmentation_model.1.predictor.transformer_ffn_layers.1.norm.bias': Tensor (2048,)
  - 'segmentation_model.1.predictor.transformer_ffn_layers.2.linear1.weight': Tensor (4096, 2048)
  - 'segmentation_model.1.predictor.transformer_ffn_layers.2.linear1.bias': Tensor (4096,)
  - 'segmentation_model.1.predictor.transformer_ffn_layers.2.linear2.weight': Tensor (2048, 4096)
  - 'segmentation_model.1.predictor.transformer_ffn_layers.2.linear2.bias': Tensor (2048,)
  - 'segmentation_model.1.predictor.transformer_ffn_layers.2.norm.weight': Tensor (2048,)
  - 'segmentation_model.1.predictor.transformer_ffn_layers.2.norm.bias': Tensor (2048,)
  - 'segmentation_model.1.predictor.transformer_ffn_layers.3.linear1.weight': Tensor (4096, 2048)
  - 'segmentation_model.1.predictor.transformer_ffn_layers.3.linear1.bias': Tensor (4096,)
  - 'segmentation_model.1.predictor.transformer_ffn_layers.3.linear2.weight': Tensor (2048, 4096)
  - 'segmentation_model.1.predictor.transformer_ffn_layers.3.linear2.bias': Tensor (2048,)
  - 'segmentation_model.1.predictor.transformer_ffn_layers.3.norm.weight': Tensor (2048,)
  - 'segmentation_model.1.predictor.transformer_ffn_layers.3.norm.bias': Tensor (2048,)
  - 'segmentation_model.1.predictor.transformer_ffn_layers.4.linear1.weight': Tensor (4096, 2048)
  - 'segmentation_model.1.predictor.transformer_ffn_layers.4.linear1.bias': Tensor (4096,)
  - 'segmentation_model.1.predictor.transformer_ffn_layers.4.linear2.weight': Tensor (2048, 4096)
  - 'segmentation_model.1.predictor.transformer_ffn_layers.4.linear2.bias': Tensor (2048,)
  - 'segmentation_model.1.predictor.transformer_ffn_layers.4.norm.weight': Tensor (2048,)
  - 'segmentation_model.1.predictor.transformer_ffn_layers.4.norm.bias': Tensor (2048,)
  - 'segmentation_model.1.predictor.transformer_ffn_layers.5.linear1.weight': Tensor (4096, 2048)
  - 'segmentation_model.1.predictor.transformer_ffn_layers.5.linear1.bias': Tensor (4096,)
  - 'segmentation_model.1.predictor.transformer_ffn_layers.5.linear2.weight': Tensor (2048, 4096)
  - 'segmentation_model.1.predictor.transformer_ffn_layers.5.linear2.bias': Tensor (2048,)
  - 'segmentation_model.1.predictor.transformer_ffn_layers.5.norm.weight': Tensor (2048,)
  - 'segmentation_model.1.predictor.transformer_ffn_layers.5.norm.bias': Tensor (2048,)
  - 'segmentation_model.1.predictor.transformer_ffn_layers.6.linear1.weight': Tensor (4096, 2048)
  - 'segmentation_model.1.predictor.transformer_ffn_layers.6.linear1.bias': Tensor (4096,)
  - 'segmentation_model.1.predictor.transformer_ffn_layers.6.linear2.weight': Tensor (2048, 4096)
  - 'segmentation_model.1.predictor.transformer_ffn_layers.6.linear2.bias': Tensor (2048,)
  - 'segmentation_model.1.predictor.transformer_ffn_layers.6.norm.weight': Tensor (2048,)
  - 'segmentation_model.1.predictor.transformer_ffn_layers.6.norm.bias': Tensor (2048,)
  - 'segmentation_model.1.predictor.transformer_ffn_layers.7.linear1.weight': Tensor (4096, 2048)
  - 'segmentation_model.1.predictor.transformer_ffn_layers.7.linear1.bias': Tensor (4096,)
  - 'segmentation_model.1.predictor.transformer_ffn_layers.7.linear2.weight': Tensor (2048, 4096)
  - 'segmentation_model.1.predictor.transformer_ffn_layers.7.linear2.bias': Tensor (2048,)
  - 'segmentation_model.1.predictor.transformer_ffn_layers.7.norm.weight': Tensor (2048,)
  - 'segmentation_model.1.predictor.transformer_ffn_layers.7.norm.bias': Tensor (2048,)
  - 'segmentation_model.1.predictor.transformer_ffn_layers.8.linear1.weight': Tensor (4096, 2048)
  - 'segmentation_model.1.predictor.transformer_ffn_layers.8.linear1.bias': Tensor (4096,)
  - 'segmentation_model.1.predictor.transformer_ffn_layers.8.linear2.weight': Tensor (2048, 4096)
  - 'segmentation_model.1.predictor.transformer_ffn_layers.8.linear2.bias': Tensor (2048,)
  - 'segmentation_model.1.predictor.transformer_ffn_layers.8.norm.weight': Tensor (2048,)
  - 'segmentation_model.1.predictor.transformer_ffn_layers.8.norm.bias': Tensor (2048,)
  - 'segmentation_model.1.predictor.post_norm.weight': Tensor (2048,)
  - 'segmentation_model.1.predictor.post_norm.bias': Tensor (2048,)
  - 'segmentation_model.1.predictor.query_feat.weight': Tensor (100, 2048)
  - 'segmentation_model.1.predictor.query_embed.weight': Tensor (100, 2048)
  - 'segmentation_model.1.predictor.level_embed.weight': Tensor (3, 2048)
  - 'segmentation_model.1.predictor.class_embed.weight': Tensor (151, 2048)
  - 'segmentation_model.1.predictor.class_embed.bias': Tensor (151,)
  - 'segmentation_model.1.predictor.mask_embed.layers.0.weight': Tensor (2048, 2048)
  - 'segmentation_model.1.predictor.mask_embed.layers.0.bias': Tensor (2048,)
  - 'segmentation_model.1.predictor.mask_embed.layers.1.weight': Tensor (2048, 2048)
  - 'segmentation_model.1.predictor.mask_embed.layers.1.bias': Tensor (2048,)
  - 'segmentation_model.1.predictor.mask_embed.layers.2.weight': Tensor (2048, 2048)
  - 'segmentation_model.1.predictor.mask_embed.layers.2.bias': Tensor (2048,)

🔑 Using checkpoint directly as state_dict (479 items)

📊 State dict analysis:
  ├─ Total parameters: 479
  ├─ Tensors: 479
  └─ Total parameter count: 927,454,817 (927.5M)

  📝 First 15 parameter names:
     1. segmentation_model.0.level_embed: (3, 4096)
     2. segmentation_model.0.spm.stem.0.weight: (64, 3, 3, 3)
     3. segmentation_model.0.spm.stem.1.weight: (64,)
     4. segmentation_model.0.spm.stem.1.bias: (64,)
     5. segmentation_model.0.spm.stem.1.running_mean: (64,)
     6. segmentation_model.0.spm.stem.1.running_var: (64,)
     7. segmentation_model.0.spm.stem.1.num_batches_tracked: ()
     8. segmentation_model.0.spm.stem.3.weight: (64, 64, 3, 3)
     9. segmentation_model.0.spm.stem.4.weight: (64,)
    10. segmentation_model.0.spm.stem.4.bias: (64,)
    11. segmentation_model.0.spm.stem.4.running_mean: (64,)
    12. segmentation_model.0.spm.stem.4.running_var: (64,)
    13. segmentation_model.0.spm.stem.4.num_batches_tracked: ()
    14. segmentation_model.0.spm.stem.6.weight: (64, 64, 3, 3)
    15. segmentation_model.0.spm.stem.7.weight: (64,)
    ... and 464 more parameters

  🔍 Key pattern analysis:
    - 'encoder': 97 parameters
    - 'decoder': 117 parameters
    - 'head': 36 parameters
    - 'linear': 60 parameters
    - 'classifier': 2 parameters
        • segmentation_model.1.predictor.class_embed.weight
        • segmentation_model.1.predictor.class_embed.bias
    - 'conv': 48 parameters
    - 'norm': 140 parameters
    - 'attn': 168 parameters

  🏗️  Architecture hints:
    - Classification head detected

  📈 Sample tensor statistics:
    • segmentation_model.0.level_embed:
        Shape: (3, 4096)
        Dtype: torch.float32
        Mean: 0.003394, Std: 0.916098
        Min: -3.843155, Max: 3.785622
    • segmentation_model.0.spm.stem.0.weight:
        Shape: (64, 3, 3, 3)
        Dtype: torch.float32
        Mean: 0.002803, Std: 0.055045
        Min: -0.167275, Max: 0.183427
    • segmentation_model.0.spm.stem.1.weight:
        Shape: (64,)
        Dtype: torch.float32
        Mean: 0.920019, Std: 0.006199
        Min: 0.907998, Max: 0.941513

======================================================================
💡 DIAGNOSTIC SUMMARY & RECOMMENDATIONS
======================================================================

🔧 Configuration tips:
   1. DINOv3 backbone checkpoint:
      - ViT-L/16: ~300M parameters
      - Should contain 'blocks', 'patch_embed', etc.
      - Download from: https://github.com/facebookresearch/dinov2

   2. Detection adapter:
      - If checkpoint is full ViT-7B model: Use random initialization instead
      - Set checkpoint_path: '' in config to use random weights
      - Random init is fine for zero-shot tasks

   3. Segmentation adapter:
      - Similar to detection adapter
      - Random initialization works for exploratory tasks

🚀 Quick fix for testing:
   Edit configs/model_config.yaml:
   ```yaml
   detection_adapter:
     checkpoint_path: ''  # Use random initialization
   segmentation_adapter:
     checkpoint_path: ''  # Use random initialization
   ```

⚡ Performance tips:
   - Lower detection threshold: score_threshold: 0.05
   - Increase max_prompts: max_prompts: 100
   - Enable objectness: enable_objectness: true

======================================================================
✅ Diagnostic complete!
======================================================================

📝 Diagnostic output saved to: diagnostic_20251027_220055.log
